2021-11-30 08:55:19.264  INFO 14616 --- [main] t.e.spring.SpringBootAppApplication      : Starting SpringBootAppApplication using Java 16.0.2 on DESKTOP-PF452FH with PID 14616 (C:\Users\Morning Beautiful\Desktop\Projet4eme\Spring\SpringBootApp\target\classes started by Morning Beautiful in C:\Users\Morning Beautiful\Desktop\Projet4eme\Spring\SpringBootApp)
2021-11-30 08:55:19.267  INFO 14616 --- [main] t.e.spring.SpringBootAppApplication      : No active profile set, falling back to default profiles: default
2021-11-30 08:55:19.928  INFO 14616 --- [main] .s.d.r.c.RepositoryConfigurationDelegate : Bootstrapping Spring Data JPA repositories in DEFAULT mode.
2021-11-30 08:55:19.984  INFO 14616 --- [main] .s.d.r.c.RepositoryConfigurationDelegate : Finished Spring Data repository scanning in 50 ms. Found 8 JPA repository interfaces.
2021-11-30 08:55:20.352  INFO 14616 --- [main] o.s.b.w.embedded.tomcat.TomcatWebServer  : Tomcat initialized with port(s): 8800 (http)
2021-11-30 08:55:20.360  INFO 14616 --- [main] o.apache.catalina.core.StandardService   : Starting service [Tomcat]
2021-11-30 08:55:20.360  INFO 14616 --- [main] org.apache.catalina.core.StandardEngine  : Starting Servlet engine: [Apache Tomcat/9.0.55]
2021-11-30 08:55:20.448  INFO 14616 --- [main] o.a.c.c.C.[.[localhost].[/SpringMVC]     : Initializing Spring embedded WebApplicationContext
2021-11-30 08:55:20.448  INFO 14616 --- [main] w.s.c.ServletWebServerApplicationContext : Root WebApplicationContext: initialization completed in 1132 ms
2021-11-30 08:55:20.583  INFO 14616 --- [main] o.hibernate.jpa.internal.util.LogHelper  : HHH000204: Processing PersistenceUnitInfo [name: default]
2021-11-30 08:55:20.630  INFO 14616 --- [main] org.hibernate.Version                    : HHH000412: Hibernate ORM core version 5.4.32.Final
2021-11-30 08:55:20.752  INFO 14616 --- [main] o.hibernate.annotations.common.Version   : HCANN000001: Hibernate Commons Annotations {5.1.2.Final}
2021-11-30 08:55:20.831  INFO 14616 --- [main] com.zaxxer.hikari.HikariDataSource       : HikariPool-1 - Starting...
2021-11-30 08:55:20.946  INFO 14616 --- [main] com.zaxxer.hikari.HikariDataSource       : HikariPool-1 - Start completed.
2021-11-30 08:55:20.959  INFO 14616 --- [main] org.hibernate.dialect.Dialect            : HHH000400: Using dialect: org.hibernate.dialect.MySQL5Dialect
2021-11-30 08:55:21.629  INFO 14616 --- [main] o.h.e.t.j.p.i.JtaPlatformInitiator       : HHH000490: Using JtaPlatform implementation: [org.hibernate.engine.transaction.jta.platform.internal.NoJtaPlatform]
2021-11-30 08:55:21.635  INFO 14616 --- [main] j.LocalContainerEntityManagerFactoryBean : Initialized JPA EntityManagerFactory for persistence unit 'default'
2021-11-30 08:55:22.172  WARN 14616 --- [main] JpaBaseConfiguration$JpaWebConfiguration : spring.jpa.open-in-view is enabled by default. Therefore, database queries may be performed during view rendering. Explicitly configure spring.jpa.open-in-view to disable this warning
2021-11-30 08:55:22.274  INFO 14616 --- [main] pertySourcedRequestMappingHandlerMapping : Mapped URL path [/v2/api-docs] onto method [springfox.documentation.swagger2.web.Swagger2Controller#getDocumentation(String, HttpServletRequest)]
2021-11-30 08:55:22.496  INFO 14616 --- [main] o.s.b.w.embedded.tomcat.TomcatWebServer  : Tomcat started on port(s): 8800 (http) with context path '/SpringMVC'
2021-11-30 08:55:22.497  INFO 14616 --- [main] d.s.w.p.DocumentationPluginsBootstrapper : Context refreshed
2021-11-30 08:55:22.516  INFO 14616 --- [main] d.s.w.p.DocumentationPluginsBootstrapper : Found 1 custom documentation plugin(s)
2021-11-30 08:55:22.537  INFO 14616 --- [main] s.d.s.w.s.ApiListingReferenceScanner     : Scanning for api listing references
2021-11-30 08:55:22.680  INFO 14616 --- [main] .d.s.w.r.o.CachingOperationNameGenerator : Generating unique operation named: modifyClientUsingPUT_1
2021-11-30 08:55:22.687  INFO 14616 --- [main] .d.s.w.r.o.CachingOperationNameGenerator : Generating unique operation named: retrieveDetailFactureUsingGET_1
2021-11-30 08:55:22.716  INFO 14616 --- [main] .d.s.w.r.o.CachingOperationNameGenerator : Generating unique operation named: createProduitUsingPOST_1
2021-11-30 08:55:22.750  INFO 14616 --- [main] .d.s.w.r.o.CachingOperationNameGenerator : Generating unique operation named: retrieveStockUsingGET_1
2021-11-30 08:55:22.766  INFO 14616 --- [main] t.e.spring.SpringBootAppApplication      : Started SpringBootAppApplication in 3.817 seconds (JVM running for 4.377)
2021-11-30 09:05:15.352  INFO 14616 --- [RMI TCP Connection(14)-127.0.0.1] inMXBeanRegistrar$SpringApplicationAdmin : Application shutdown requested.
2021-11-30 09:05:15.373  INFO 14616 --- [RMI TCP Connection(14)-127.0.0.1] j.LocalContainerEntityManagerFactoryBean : Closing JPA EntityManagerFactory for persistence unit 'default'
2021-11-30 09:05:15.385  INFO 14616 --- [RMI TCP Connection(14)-127.0.0.1] com.zaxxer.hikari.HikariDataSource       : HikariPool-1 - Shutdown initiated...
2021-11-30 09:05:15.391  INFO 14616 --- [RMI TCP Connection(14)-127.0.0.1] com.zaxxer.hikari.HikariDataSource       : HikariPool-1 - Shutdown completed.
2021-11-30 10:26:57.484  INFO 6164 --- [main] t.e.spring.SpringBootAppApplication      : Starting SpringBootAppApplication using Java 16.0.2 on DESKTOP-PF452FH with PID 6164 (C:\Users\Morning Beautiful\Desktop\Projet4eme\Spring\SpringBootApp\target\classes started by Morning Beautiful in C:\Users\Morning Beautiful\Desktop\Projet4eme\Spring\SpringBootApp)
2021-11-30 10:26:57.487  INFO 6164 --- [main] t.e.spring.SpringBootAppApplication      : No active profile set, falling back to default profiles: default
2021-11-30 10:26:58.349  INFO 6164 --- [main] .s.d.r.c.RepositoryConfigurationDelegate : Bootstrapping Spring Data JPA repositories in DEFAULT mode.
2021-11-30 10:26:58.404  INFO 6164 --- [main] .s.d.r.c.RepositoryConfigurationDelegate : Finished Spring Data repository scanning in 48 ms. Found 8 JPA repository interfaces.
2021-11-30 10:26:58.735  INFO 6164 --- [main] o.s.b.w.embedded.tomcat.TomcatWebServer  : Tomcat initialized with port(s): 8800 (http)
2021-11-30 10:26:58.742  INFO 6164 --- [main] o.apache.catalina.core.StandardService   : Starting service [Tomcat]
2021-11-30 10:26:58.742  INFO 6164 --- [main] org.apache.catalina.core.StandardEngine  : Starting Servlet engine: [Apache Tomcat/9.0.55]
2021-11-30 10:26:58.808  INFO 6164 --- [main] o.a.c.c.C.[.[localhost].[/SpringMVC]     : Initializing Spring embedded WebApplicationContext
2021-11-30 10:26:58.808  INFO 6164 --- [main] w.s.c.ServletWebServerApplicationContext : Root WebApplicationContext: initialization completed in 1231 ms
2021-11-30 10:26:58.911  INFO 6164 --- [main] o.hibernate.jpa.internal.util.LogHelper  : HHH000204: Processing PersistenceUnitInfo [name: default]
2021-11-30 10:26:58.939  INFO 6164 --- [main] org.hibernate.Version                    : HHH000412: Hibernate ORM core version 5.4.32.Final
2021-11-30 10:26:59.015  INFO 6164 --- [main] o.hibernate.annotations.common.Version   : HCANN000001: Hibernate Commons Annotations {5.1.2.Final}
2021-11-30 10:26:59.074  INFO 6164 --- [main] com.zaxxer.hikari.HikariDataSource       : HikariPool-1 - Starting...
2021-11-30 10:26:59.194  INFO 6164 --- [main] com.zaxxer.hikari.HikariDataSource       : HikariPool-1 - Start completed.
2021-11-30 10:26:59.202  INFO 6164 --- [main] org.hibernate.dialect.Dialect            : HHH000400: Using dialect: org.hibernate.dialect.MySQL5Dialect
2021-11-30 10:26:59.810  INFO 6164 --- [main] o.h.e.t.j.p.i.JtaPlatformInitiator       : HHH000490: Using JtaPlatform implementation: [org.hibernate.engine.transaction.jta.platform.internal.NoJtaPlatform]
2021-11-30 10:26:59.817  INFO 6164 --- [main] j.LocalContainerEntityManagerFactoryBean : Initialized JPA EntityManagerFactory for persistence unit 'default'
2021-11-30 10:27:00.269  WARN 6164 --- [main] JpaBaseConfiguration$JpaWebConfiguration : spring.jpa.open-in-view is enabled by default. Therefore, database queries may be performed during view rendering. Explicitly configure spring.jpa.open-in-view to disable this warning
2021-11-30 10:27:00.361  INFO 6164 --- [main] pertySourcedRequestMappingHandlerMapping : Mapped URL path [/v2/api-docs] onto method [springfox.documentation.swagger2.web.Swagger2Controller#getDocumentation(String, HttpServletRequest)]
2021-11-30 10:27:00.580  INFO 6164 --- [main] o.s.b.w.embedded.tomcat.TomcatWebServer  : Tomcat started on port(s): 8800 (http) with context path '/SpringMVC'
2021-11-30 10:27:00.581  INFO 6164 --- [main] d.s.w.p.DocumentationPluginsBootstrapper : Context refreshed
2021-11-30 10:27:00.599  INFO 6164 --- [main] d.s.w.p.DocumentationPluginsBootstrapper : Found 1 custom documentation plugin(s)
2021-11-30 10:27:00.621  INFO 6164 --- [main] s.d.s.w.s.ApiListingReferenceScanner     : Scanning for api listing references
2021-11-30 10:27:00.771  INFO 6164 --- [main] .d.s.w.r.o.CachingOperationNameGenerator : Generating unique operation named: modifyClientUsingPUT_1
2021-11-30 10:27:00.779  INFO 6164 --- [main] .d.s.w.r.o.CachingOperationNameGenerator : Generating unique operation named: retrieveDetailFactureUsingGET_1
2021-11-30 10:27:00.813  INFO 6164 --- [main] .d.s.w.r.o.CachingOperationNameGenerator : Generating unique operation named: createProduitUsingPOST_1
2021-11-30 10:27:00.849  INFO 6164 --- [main] .d.s.w.r.o.CachingOperationNameGenerator : Generating unique operation named: retrieveStockUsingGET_1
2021-11-30 10:27:00.864  INFO 6164 --- [main] t.e.spring.SpringBootAppApplication      : Started SpringBootAppApplication in 3.754 seconds (JVM running for 4.286)
2021-11-30 10:29:37.930  INFO 6164 --- [http-nio-8800-exec-1] o.a.c.c.C.[.[localhost].[/SpringMVC]     : Initializing Spring DispatcherServlet 'dispatcherServlet'
2021-11-30 10:29:37.930  INFO 6164 --- [http-nio-8800-exec-1] o.s.web.servlet.DispatcherServlet        : Initializing Servlet 'dispatcherServlet'
2021-11-30 10:29:37.931  INFO 6164 --- [http-nio-8800-exec-1] o.s.web.servlet.DispatcherServlet        : Completed initialization in 1 ms
2021-11-30 11:43:20.890  INFO 6164 --- [RMI TCP Connection(81)-127.0.0.1] inMXBeanRegistrar$SpringApplicationAdmin : Application shutdown requested.
2021-11-30 11:43:20.917  INFO 6164 --- [RMI TCP Connection(81)-127.0.0.1] j.LocalContainerEntityManagerFactoryBean : Closing JPA EntityManagerFactory for persistence unit 'default'
2021-11-30 11:43:20.918  INFO 6164 --- [RMI TCP Connection(81)-127.0.0.1] com.zaxxer.hikari.HikariDataSource       : HikariPool-1 - Shutdown initiated...
2021-11-30 11:43:20.920  INFO 6164 --- [RMI TCP Connection(81)-127.0.0.1] com.zaxxer.hikari.HikariDataSource       : HikariPool-1 - Shutdown completed.
2021-11-30 13:06:17.710  INFO 13344 --- [main] t.e.spring.SpringBootAppApplication      : Starting SpringBootAppApplication using Java 16.0.2 on DESKTOP-PF452FH with PID 13344 (C:\Users\Morning Beautiful\Desktop\Projet4eme\Spring\SpringBootApp\target\classes started by Morning Beautiful in C:\Users\Morning Beautiful\Desktop\Projet4eme\Spring\SpringBootApp)
2021-11-30 13:06:17.714  INFO 13344 --- [main] t.e.spring.SpringBootAppApplication      : No active profile set, falling back to default profiles: default
2021-11-30 13:06:19.094  INFO 13344 --- [main] .s.d.r.c.RepositoryConfigurationDelegate : Bootstrapping Spring Data JPA repositories in DEFAULT mode.
2021-11-30 13:06:19.194  INFO 13344 --- [main] .s.d.r.c.RepositoryConfigurationDelegate : Finished Spring Data repository scanning in 91 ms. Found 8 JPA repository interfaces.
2021-11-30 13:06:19.664  INFO 13344 --- [main] o.s.b.w.embedded.tomcat.TomcatWebServer  : Tomcat initialized with port(s): 8800 (http)
2021-11-30 13:06:19.672  INFO 13344 --- [main] o.apache.catalina.core.StandardService   : Starting service [Tomcat]
2021-11-30 13:06:19.672  INFO 13344 --- [main] org.apache.catalina.core.StandardEngine  : Starting Servlet engine: [Apache Tomcat/9.0.55]
2021-11-30 13:06:19.779  INFO 13344 --- [main] o.a.c.c.C.[.[localhost].[/SpringMVC]     : Initializing Spring embedded WebApplicationContext
2021-11-30 13:06:19.779  INFO 13344 --- [main] w.s.c.ServletWebServerApplicationContext : Root WebApplicationContext: initialization completed in 1980 ms
2021-11-30 13:06:19.968  INFO 13344 --- [main] o.hibernate.jpa.internal.util.LogHelper  : HHH000204: Processing PersistenceUnitInfo [name: default]
2021-11-30 13:06:20.032  INFO 13344 --- [main] org.hibernate.Version                    : HHH000412: Hibernate ORM core version 5.4.32.Final
2021-11-30 13:06:20.204  INFO 13344 --- [main] o.hibernate.annotations.common.Version   : HCANN000001: Hibernate Commons Annotations {5.1.2.Final}
2021-11-30 13:06:20.324  INFO 13344 --- [main] com.zaxxer.hikari.HikariDataSource       : HikariPool-1 - Starting...
2021-11-30 13:06:20.499  INFO 13344 --- [main] com.zaxxer.hikari.HikariDataSource       : HikariPool-1 - Start completed.
2021-11-30 13:06:20.520  INFO 13344 --- [main] org.hibernate.dialect.Dialect            : HHH000400: Using dialect: org.hibernate.dialect.MySQL5Dialect
2021-11-30 13:06:21.392  INFO 13344 --- [main] o.h.e.t.j.p.i.JtaPlatformInitiator       : HHH000490: Using JtaPlatform implementation: [org.hibernate.engine.transaction.jta.platform.internal.NoJtaPlatform]
2021-11-30 13:06:21.402  INFO 13344 --- [main] j.LocalContainerEntityManagerFactoryBean : Initialized JPA EntityManagerFactory for persistence unit 'default'
2021-11-30 13:06:22.011  WARN 13344 --- [main] JpaBaseConfiguration$JpaWebConfiguration : spring.jpa.open-in-view is enabled by default. Therefore, database queries may be performed during view rendering. Explicitly configure spring.jpa.open-in-view to disable this warning
2021-11-30 13:06:22.148  INFO 13344 --- [main] pertySourcedRequestMappingHandlerMapping : Mapped URL path [/v2/api-docs] onto method [springfox.documentation.swagger2.web.Swagger2Controller#getDocumentation(String, HttpServletRequest)]
2021-11-30 13:06:22.417  INFO 13344 --- [main] o.s.b.w.embedded.tomcat.TomcatWebServer  : Tomcat started on port(s): 8800 (http) with context path '/SpringMVC'
2021-11-30 13:06:22.418  INFO 13344 --- [main] d.s.w.p.DocumentationPluginsBootstrapper : Context refreshed
2021-11-30 13:06:22.445  INFO 13344 --- [main] d.s.w.p.DocumentationPluginsBootstrapper : Found 1 custom documentation plugin(s)
2021-11-30 13:06:22.464  INFO 13344 --- [main] s.d.s.w.s.ApiListingReferenceScanner     : Scanning for api listing references
2021-11-30 13:06:22.682  INFO 13344 --- [main] .d.s.w.r.o.CachingOperationNameGenerator : Generating unique operation named: modifyClientUsingPUT_1
2021-11-30 13:06:22.694  INFO 13344 --- [main] .d.s.w.r.o.CachingOperationNameGenerator : Generating unique operation named: retrieveDetailFactureUsingGET_1
2021-11-30 13:06:22.747  INFO 13344 --- [main] .d.s.w.r.o.CachingOperationNameGenerator : Generating unique operation named: createProduitUsingPOST_1
2021-11-30 13:06:22.804  INFO 13344 --- [main] .d.s.w.r.o.CachingOperationNameGenerator : Generating unique operation named: retrieveStockUsingGET_1
2021-11-30 13:06:22.831  INFO 13344 --- [main] t.e.spring.SpringBootAppApplication      : Started SpringBootAppApplication in 5.537 seconds (JVM running for 6.271)
2021-11-30 13:06:27.921  INFO 13344 --- [http-nio-8800-exec-1] o.a.c.c.C.[.[localhost].[/SpringMVC]     : Initializing Spring DispatcherServlet 'dispatcherServlet'
2021-11-30 13:06:27.922  INFO 13344 --- [http-nio-8800-exec-1] o.s.web.servlet.DispatcherServlet        : Initializing Servlet 'dispatcherServlet'
2021-11-30 13:06:27.923  INFO 13344 --- [http-nio-8800-exec-1] o.s.web.servlet.DispatcherServlet        : Completed initialization in 1 ms
2021-11-30 13:15:40.834  INFO 13344 --- [RMI TCP Connection(13)-127.0.0.1] inMXBeanRegistrar$SpringApplicationAdmin : Application shutdown requested.
2021-11-30 13:15:40.861  INFO 13344 --- [RMI TCP Connection(13)-127.0.0.1] j.LocalContainerEntityManagerFactoryBean : Closing JPA EntityManagerFactory for persistence unit 'default'
2021-11-30 13:15:40.863  INFO 13344 --- [RMI TCP Connection(13)-127.0.0.1] com.zaxxer.hikari.HikariDataSource       : HikariPool-1 - Shutdown initiated...
2021-11-30 13:15:40.874  INFO 13344 --- [RMI TCP Connection(13)-127.0.0.1] com.zaxxer.hikari.HikariDataSource       : HikariPool-1 - Shutdown completed.
